Start testing: Sep 05 21:50 HKT
----------------------------------------------------------
1/4 Testing: compare_numbers_test
1/4 Test: compare_numbers_test
Command: "/Users/vipin_viswam/Documents/CPPLearningProjects/learningProjects/build/math/tests/compare_numbers_test" "WORKING_DIRECTORY" "/Users/vipin_viswam/Documents/CPPLearningProjects/learningProjects/build/math/tests"
Directory: /Users/vipin_viswam/Documents/CPPLearningProjects/learningProjects/build/math/tests
"compare_numbers_test" start time: Sep 05 21:50 HKT
Output:
----------------------------------------------------------
Running main() from gmock_main.cc
[==========] Running 3 tests from 1 test suite.
[----------] Global test environment set-up.
[----------] 3 tests from TestFixture
[ RUN      ] TestFixture.compare_numbers_test
7
[       OK ] TestFixture.compare_numbers_test (0 ms)
[ RUN      ] TestFixture.negative_number_test
2
[       OK ] TestFixture.negative_number_test (0 ms)
[ RUN      ] TestFixture.zero_number_test
0
[       OK ] TestFixture.zero_number_test (0 ms)
[----------] 3 tests from TestFixture (0 ms total)

[----------] Global test environment tear-down
[==========] 3 tests from 1 test suite ran. (0 ms total)
[  PASSED  ] 3 tests.
<end of output>
Test time =   0.01 sec
----------------------------------------------------------
Test Passed.
"compare_numbers_test" end time: Sep 05 21:50 HKT
"compare_numbers_test" time elapsed: 00:00:00
----------------------------------------------------------

2/4 Testing: biggest_number_test
2/4 Test: biggest_number_test
Command: "/Users/vipin_viswam/Documents/CPPLearningProjects/learningProjects/build/math/tests/biggest_number_test" "WORKING_DIRECTORY" "/Users/vipin_viswam/Documents/CPPLearningProjects/learningProjects/build/math/tests"
Directory: /Users/vipin_viswam/Documents/CPPLearningProjects/learningProjects/build/math/tests
"biggest_number_test" start time: Sep 05 21:50 HKT
Output:
----------------------------------------------------------
Running main() from gmock_main.cc
[==========] Running 2 tests from 1 test suite.
[----------] Global test environment set-up.
[----------] 2 tests from TestFixture
[ RUN      ] TestFixture.biggest_number_test
7
[       OK ] TestFixture.biggest_number_test (0 ms)
[ RUN      ] TestFixture.biggest_two_parameters
5
[       OK ] TestFixture.biggest_two_parameters (0 ms)
[----------] 2 tests from TestFixture (0 ms total)

[----------] Global test environment tear-down
[==========] 2 tests from 1 test suite ran. (0 ms total)
[  PASSED  ] 2 tests.
<end of output>
Test time =   0.01 sec
----------------------------------------------------------
Test Passed.
"biggest_number_test" end time: Sep 05 21:50 HKT
"biggest_number_test" time elapsed: 00:00:00
----------------------------------------------------------

3/4 Testing: coding_exercise_four
3/4 Test: coding_exercise_four
Command: "/Users/vipin_viswam/Documents/CPPLearningProjects/learningProjects/build/udemychallenges/tests/coding_exercise_four" "WORKING_DIRECTORY" "/Users/vipin_viswam/Documents/CPPLearningProjects/learningProjects/build/udemychallenges/tests"
Directory: /Users/vipin_viswam/Documents/CPPLearningProjects/learningProjects/build/udemychallenges/tests
"coding_exercise_four" start time: Sep 05 21:50 HKT
Output:
----------------------------------------------------------
Running main() from gmock_main.cc
[==========] Running 2 tests from 1 test suite.
[----------] Global test environment set-up.
[----------] 2 tests from TestFixture
[ RUN      ] TestFixture.set_employee_values
[       OK ] TestFixture.set_employee_values (0 ms)
[ RUN      ] TestFixture.get_age
[       OK ] TestFixture.get_age (0 ms)
[----------] 2 tests from TestFixture (0 ms total)

[----------] Global test environment tear-down
[==========] 2 tests from 1 test suite ran. (0 ms total)
[  PASSED  ] 2 tests.
<end of output>
Test time =   0.01 sec
----------------------------------------------------------
Test Passed.
"coding_exercise_four" end time: Sep 05 21:50 HKT
"coding_exercise_four" time elapsed: 00:00:00
----------------------------------------------------------

4/4 Testing: section_six_challenge_test
4/4 Test: section_six_challenge_test
Command: "/Users/vipin_viswam/Documents/CPPLearningProjects/learningProjects/build/udemychallenges/tests/section_six_challenge_test" "WORKING_DIRECTORY" "/Users/vipin_viswam/Documents/CPPLearningProjects/learningProjects/build/udemychallenges/tests"
Directory: /Users/vipin_viswam/Documents/CPPLearningProjects/learningProjects/build/udemychallenges/tests
"section_six_challenge_test" start time: Sep 05 21:50 HKT
Output:
----------------------------------------------------------
Running main() from gmock_main.cc
[==========] Running 3 tests from 1 test suite.
[----------] Global test environment set-up.
[----------] 3 tests from TestFixture
[ RUN      ] TestFixture.set_largeroom_value
[       OK ] TestFixture.set_largeroom_value (0 ms)
[ RUN      ] TestFixture.cost_calculation
[       OK ] TestFixture.cost_calculation (0 ms)
[ RUN      ] TestFixture.estimated_cost
[       OK ] TestFixture.estimated_cost (0 ms)
[----------] 3 tests from TestFixture (0 ms total)

[----------] Global test environment tear-down
[==========] 3 tests from 1 test suite ran. (0 ms total)
[  PASSED  ] 3 tests.
<end of output>
Test time =   0.01 sec
----------------------------------------------------------
Test Passed.
"section_six_challenge_test" end time: Sep 05 21:50 HKT
"section_six_challenge_test" time elapsed: 00:00:00
----------------------------------------------------------

End testing: Sep 05 21:50 HKT
