Start testing: Sep 05 17:59 HKT
----------------------------------------------------------
1/3 Testing: compare_numbers_test
1/3 Test: compare_numbers_test
Command: "/home/vipin/Documents/TestCPPProjects/learningProjects/build/math/tests/compare_numbers_test" "WORKING_DIRECTORY" "/home/vipin/Documents/TestCPPProjects/learningProjects/build/math/tests"
Directory: /home/vipin/Documents/TestCPPProjects/learningProjects/build/math/tests
"compare_numbers_test" start time: Sep 05 17:59 HKT
Output:
----------------------------------------------------------
Running main() from gmock_main.cc
[==========] Running 3 tests from 1 test suite.
[----------] Global test environment set-up.
[----------] 3 tests from TestFixture
[ RUN      ] TestFixture.compare_numbers_test
7
[       OK ] TestFixture.compare_numbers_test (0 ms)
[ RUN      ] TestFixture.negative_number_test
2
[       OK ] TestFixture.negative_number_test (0 ms)
[ RUN      ] TestFixture.zero_number_test
0
[       OK ] TestFixture.zero_number_test (0 ms)
[----------] 3 tests from TestFixture (0 ms total)

[----------] Global test environment tear-down
[==========] 3 tests from 1 test suite ran. (0 ms total)
[  PASSED  ] 3 tests.
<end of output>
Test time =   0.01 sec
----------------------------------------------------------
Test Passed.
"compare_numbers_test" end time: Sep 05 17:59 HKT
"compare_numbers_test" time elapsed: 00:00:00
----------------------------------------------------------

2/3 Testing: biggest_number_test
2/3 Test: biggest_number_test
Command: "/home/vipin/Documents/TestCPPProjects/learningProjects/build/math/tests/biggest_number_test" "WORKING_DIRECTORY" "/home/vipin/Documents/TestCPPProjects/learningProjects/build/math/tests"
Directory: /home/vipin/Documents/TestCPPProjects/learningProjects/build/math/tests
"biggest_number_test" start time: Sep 05 17:59 HKT
Output:
----------------------------------------------------------
Running main() from gmock_main.cc
[==========] Running 2 tests from 1 test suite.
[----------] Global test environment set-up.
[----------] 2 tests from TestFixture
[ RUN      ] TestFixture.biggest_number_test
7
[       OK ] TestFixture.biggest_number_test (0 ms)
[ RUN      ] TestFixture.biggest_two_parameters
5
[       OK ] TestFixture.biggest_two_parameters (0 ms)
[----------] 2 tests from TestFixture (1 ms total)

[----------] Global test environment tear-down
[==========] 2 tests from 1 test suite ran. (1 ms total)
[  PASSED  ] 2 tests.
<end of output>
Test time =   0.01 sec
----------------------------------------------------------
Test Passed.
"biggest_number_test" end time: Sep 05 17:59 HKT
"biggest_number_test" time elapsed: 00:00:00
----------------------------------------------------------

3/3 Testing: coding_exercise_four
3/3 Test: coding_exercise_four
Command: "/home/vipin/Documents/TestCPPProjects/learningProjects/build/udemychallenges/tests/coding_exercise_four" "WORKING_DIRECTORY" "/home/vipin/Documents/TestCPPProjects/learningProjects/build/udemychallenges/tests"
Directory: /home/vipin/Documents/TestCPPProjects/learningProjects/build/udemychallenges/tests
"coding_exercise_four" start time: Sep 05 17:59 HKT
Output:
----------------------------------------------------------
Running main() from gmock_main.cc
[==========] Running 2 tests from 1 test suite.
[----------] Global test environment set-up.
[----------] 2 tests from TestFixture
[ RUN      ] TestFixture.set_employee_values
[       OK ] TestFixture.set_employee_values (0 ms)
[ RUN      ] TestFixture.get_age
[       OK ] TestFixture.get_age (0 ms)
[----------] 2 tests from TestFixture (0 ms total)

[----------] Global test environment tear-down
[==========] 2 tests from 1 test suite ran. (0 ms total)
[  PASSED  ] 2 tests.
<end of output>
Test time =   0.01 sec
----------------------------------------------------------
Test Passed.
"coding_exercise_four" end time: Sep 05 17:59 HKT
"coding_exercise_four" time elapsed: 00:00:00
----------------------------------------------------------

End testing: Sep 05 17:59 HKT
